  Barrier.cpp
  Pipe.cpp
h:\cg2\최종프로젝트\final\pipe.cpp(7): warning C4244: '=': 'int'에서 'float'(으)로 변환하면서 데이터가 손실될 수 있습니다.
h:\cg2\최종프로젝트\final\pipe.cpp(30): warning C4305: '인수': 'double'에서 'GLfloat'(으)로 잘립니다.
h:\cg2\최종프로젝트\final\pipe.cpp(31): warning C4305: '인수': 'double'에서 'GLfloat'(으)로 잘립니다.
h:\cg2\최종프로젝트\final\pipe.cpp(44): warning C4305: '-=': 'double'에서 'float'(으)로 잘립니다.
  ScnMgr.cpp
h:\cg2\최종프로젝트\final\plane.h(13): warning C4244: '=': 'int'에서 'float'(으)로 변환하면서 데이터가 손실될 수 있습니다.
h:\cg2\최종프로젝트\final\plane.h(14): warning C4244: '=': 'int'에서 'float'(으)로 변환하면서 데이터가 손실될 수 있습니다.
h:\cg2\최종프로젝트\final\plane.h(15): warning C4244: '=': 'int'에서 'float'(으)로 변환하면서 데이터가 손실될 수 있습니다.
h:\cg2\최종프로젝트\final\scnmgr.cpp(152): warning C4244: '초기화 중': 'double'에서 'float'(으)로 변환하면서 데이터가 손실될 수 있습니다.
h:\cg2\최종프로젝트\final\scnmgr.cpp(153): warning C4244: '초기화 중': 'double'에서 'float'(으)로 변환하면서 데이터가 손실될 수 있습니다.
h:\cg2\최종프로젝트\final\scnmgr.cpp(154): warning C4244: '초기화 중': 'double'에서 'float'(으)로 변환하면서 데이터가 손실될 수 있습니다.
h:\cg2\최종프로젝트\final\scnmgr.cpp(156): warning C4244: '인수': 'double'에서 'float'(으)로 변환하면서 데이터가 손실될 수 있습니다.
h:\cg2\최종프로젝트\final\scnmgr.cpp(170): warning C4244: '=': 'int'에서 'GLfloat'(으)로 변환하면서 데이터가 손실될 수 있습니다.
  main.cpp
h:\cg2\최종프로젝트\final\plane.h(13): warning C4244: '=': 'int'에서 'float'(으)로 변환하면서 데이터가 손실될 수 있습니다.
h:\cg2\최종프로젝트\final\plane.h(14): warning C4244: '=': 'int'에서 'float'(으)로 변환하면서 데이터가 손실될 수 있습니다.
h:\cg2\최종프로젝트\final\plane.h(15): warning C4244: '=': 'int'에서 'float'(으)로 변환하면서 데이터가 손실될 수 있습니다.
h:\cg2\최종프로젝트\final\main.cpp(17): warning C4244: '인수': 'time_t'에서 'unsigned int'(으)로 변환하면서 데이터가 손실될 수 있습니다.
  코드를 생성하고 있습니다...
  Final.vcxproj -> H:\CG2\최종프로젝트\x64\Debug\Final.exe
